Token: IDENTIFIER, Value: 'x', Line: 1, Col: 1
Token: ASSIGN, Value: '=', Line: 1, Col: 3
Token: INT_LITERAL, Value: '12', Line: 1, Col: 5
Token: SEMI_COLON, Value: ';', Line: 1, Col: 7
Token: IDENTIFIER, Value: 'y', Line: 2, Col: 1
Token: ASSIGN, Value: '=', Line: 2, Col: 3
Token: INT_LITERAL, Value: '13', Line: 2, Col: 5
Token: SEMI_COLON, Value: ';', Line: 2, Col: 7
Token: IDENTIFIER, Value: 'z', Line: 3, Col: 1
Token: ASSIGN, Value: '=', Line: 3, Col: 3
Token: NULL_LITERAL, Value: 'null', Line: 3, Col: 5
Token: SEMI_COLON, Value: ';', Line: 3, Col: 9
Token: IF, Value: 'if', Line: 5, Col: 1
Token: LEFT_PAREN, Value: '(', Line: 5, Col: 4
Token: IDENTIFIER, Value: 'x', Line: 5, Col: 5
Token: EQUAL, Value: '==', Line: 5, Col: 7
Token: INT_LITERAL, Value: '12', Line: 5, Col: 10
Token: RIGHT_PAREN, Value: ')', Line: 5, Col: 12
Token: LEFT_BRACKET, Value: '{', Line: 5, Col: 14
Token: IDENTIFIER, Value: 'z', Line: 6, Col: 5
Token: ASSIGN, Value: '=', Line: 6, Col: 7
Token: IDENTIFIER, Value: 'y', Line: 6, Col: 9
Token: MINUS, Value: '-', Line: 6, Col: 11
Token: IDENTIFIER, Value: 'x', Line: 6, Col: 13
Token: SEMI_COLON, Value: ';', Line: 6, Col: 14
Token: RIGHT_BRACKET, Value: '}', Line: 7, Col: 1
Token: SEMI_COLON, Value: ';', Line: 7, Col: 2
Token: IDENTIFIER, Value: 'class', Line: 9, Col: 1
Token: IDENTIFIER, Value: 'Object', Line: 9, Col: 7
Token: LEFT_BRACKET, Value: '{', Line: 9, Col: 14
Token: FUNCTION, Value: 'function', Line: 10, Col: 5
Token: IDENTIFIER, Value: 'print', Line: 10, Col: 14
Token: LEFT_PAREN, Value: '(', Line: 10, Col: 19
Token: IDENTIFIER, Value: 'value', Line: 10, Col: 20
Token: RIGHT_PAREN, Value: ')', Line: 10, Col: 25
Token: LEFT_BRACKET, Value: '{', Line: 10, Col: 27
Token: RETURN, Value: 'return', Line: 11, Col: 9
Token: IDENTIFIER, Value: 'value', Line: 11, Col: 16
Token: SEMI_COLON, Value: ';', Line: 11, Col: 21
Token: RIGHT_BRACKET, Value: '}', Line: 12, Col: 5
Token: SEMI_COLON, Value: ';', Line: 12, Col: 6
Token: RIGHT_BRACKET, Value: '}', Line: 13, Col: 1
Token: SEMI_COLON, Value: ';', Line: 13, Col: 2
Token: IDENTIFIER, Value: 'obj', Line: 15, Col: 1
Token: ASSIGN, Value: '=', Line: 15, Col: 5
Token: IDENTIFIER, Value: 'new', Line: 15, Col: 7
Token: IDENTIFIER, Value: 'Object', Line: 15, Col: 11
Token: LEFT_PAREN, Value: '(', Line: 15, Col: 17
Token: RIGHT_PAREN, Value: ')', Line: 15, Col: 18
Token: SEMI_COLON, Value: ';', Line: 15, Col: 19
Token: IDENTIFIER, Value: 'obj', Line: 16, Col: 1
Token: DOT, Value: '.', Line: 16, Col: 4
Token: IDENTIFIER, Value: 'print', Line: 16, Col: 5
Token: LEFT_PAREN, Value: '(', Line: 16, Col: 10
Token: STRING_LITERAL, Value: 'Hello!', Line: 16, Col: 11
Token: RIGHT_PAREN, Value: ')', Line: 16, Col: 19
Token: SEMI_COLON, Value: ';', Line: 16, Col: 20
Token: FUNCTION, Value: 'function', Line: 18, Col: 1
Token: IDENTIFIER, Value: 'getlist', Line: 18, Col: 10
Token: LEFT_PAREN, Value: '(', Line: 18, Col: 17
Token: IDENTIFIER, Value: 'item', Line: 18, Col: 18
Token: INT_LITERAL, Value: '1', Line: 18, Col: 22
Token: COMMA, Value: ',', Line: 18, Col: 23
Token: IDENTIFIER, Value: 'item', Line: 18, Col: 25
Token: INT_LITERAL, Value: '2', Line: 18, Col: 29
Token: COMMA, Value: ',', Line: 18, Col: 30
Token: IDENTIFIER, Value: 'item', Line: 18, Col: 32
Token: INT_LITERAL, Value: '3', Line: 18, Col: 36
Token: RIGHT_PAREN, Value: ')', Line: 18, Col: 37
Token: LEFT_BRACKET, Value: '{', Line: 18, Col: 39
Token: RETURN, Value: 'return', Line: 19, Col: 5
Token: LEFT_BRACE, Value: ']', Line: 19, Col: 12
Token: IDENTIFIER, Value: 'item', Line: 19, Col: 13
Token: INT_LITERAL, Value: '1', Line: 19, Col: 17
Token: COMMA, Value: ',', Line: 19, Col: 18
Token: IDENTIFIER, Value: 'item', Line: 19, Col: 20
Token: INT_LITERAL, Value: '2', Line: 19, Col: 24
Token: COMMA, Value: ',', Line: 19, Col: 25
Token: IDENTIFIER, Value: 'item', Line: 19, Col: 27
Token: INT_LITERAL, Value: '3', Line: 19, Col: 31
Token: RIGHT_BRACE, Value: ']', Line: 19, Col: 32
Token: SEMI_COLON, Value: ';', Line: 19, Col: 33
Token: RIGHT_BRACKET, Value: '}', Line: 20, Col: 1
Token: IF, Value: 'if', Line: 22, Col: 1
Token: LEFT_PAREN, Value: '(', Line: 22, Col: 4
Token: INT_LITERAL, Value: '1', Line: 22, Col: 5
Token: NOT, Value: '!', Line: 22, Col: 7
Token: ASSIGN, Value: '=', Line: 22, Col: 8
Token: INT_LITERAL, Value: '2', Line: 22, Col: 10
Token: RIGHT_PAREN, Value: ')', Line: 22, Col: 11
Token: LEFT_BRACKET, Value: '{', Line: 22, Col: 13
Token: IDENTIFIER, Value: 'obj', Line: 23, Col: 5
Token: DOT, Value: '.', Line: 23, Col: 8
Token: IDENTIFIER, Value: 'print', Line: 23, Col: 9
Token: LEFT_PAREN, Value: '(', Line: 23, Col: 14
Token: NULL_LITERAL, Value: 'null', Line: 23, Col: 15
Token: RIGHT_PAREN, Value: ')', Line: 23, Col: 19
Token: SEMI_COLON, Value: ';', Line: 23, Col: 20
Token: RIGHT_BRACKET, Value: '}', Line: 24, Col: 1
Token: SEMI_COLON, Value: ';', Line: 24, Col: 2
Token: IF, Value: 'if', Line: 26, Col: 1
Token: LEFT_PAREN, Value: '(', Line: 26, Col: 4
Token: LEFT_PAREN, Value: '(', Line: 26, Col: 5
Token: IDENTIFIER, Value: 'obj', Line: 26, Col: 6
Token: AND, Value: 'and', Line: 26, Col: 10
Token: INT_LITERAL, Value: '1', Line: 26, Col: 14
Token: RIGHT_PAREN, Value: ')', Line: 26, Col: 15
Token: EQUAL, Value: '==', Line: 26, Col: 17
Token: BOOLEAN_LITERAL, Value: 'true', Line: 26, Col: 20
Token: RIGHT_PAREN, Value: ')', Line: 26, Col: 24
Token: LEFT_BRACKET, Value: '{', Line: 26, Col: 26
Token: RETURN, Value: 'return', Line: 27, Col: 5
Token: BOOLEAN_LITERAL, Value: 'false', Line: 27, Col: 12
Token: SEMI_COLON, Value: ';', Line: 27, Col: 17
Token: RIGHT_BRACKET, Value: '}', Line: 28, Col: 1
Token: SEMI_COLON, Value: ';', Line: 28, Col: 2
Token: RETURN, Value: 'return', Line: 33, Col: 1
Token: INT_LITERAL, Value: '0', Line: 33, Col: 8
Token: SEMI_COLON, Value: ';', Line: 33, Col: 9
Token: END_OF_FILE, Value: '', Line: 33, Col: 10
